TN:
SF:electron/enhanced-database.js
FN:7,(anonymous_0)
FN:23,(anonymous_1)
FN:43,(anonymous_2)
FN:122,(anonymous_3)
FN:135,(anonymous_4)
FN:141,(anonymous_5)
FN:146,(anonymous_6)
FN:157,(anonymous_7)
FN:162,(anonymous_8)
FN:168,(anonymous_9)
FN:174,(anonymous_10)
FN:179,(anonymous_11)
FNF:12
FNH:11
FNDA:5,(anonymous_0)
FNDA:5,(anonymous_1)
FNDA:5,(anonymous_2)
FNDA:5,(anonymous_3)
FNDA:1,(anonymous_4)
FNDA:2,(anonymous_5)
FNDA:2,(anonymous_6)
FNDA:1,(anonymous_7)
FNDA:1,(anonymous_8)
FNDA:0,(anonymous_9)
FNDA:1,(anonymous_10)
FNDA:5,(anonymous_11)
DA:1,1
DA:2,1
DA:3,1
DA:4,1
DA:8,5
DA:9,5
DA:10,5
DA:11,5
DA:12,5
DA:15,5
DA:16,0
DA:18,5
DA:19,0
DA:24,5
DA:25,5
DA:28,5
DA:29,5
DA:30,5
DA:31,5
DA:33,5
DA:34,5
DA:35,5
DA:36,5
DA:38,0
DA:39,0
DA:45,5
DA:54,5
DA:67,5
DA:84,5
DA:97,5
DA:108,5
DA:123,5
DA:128,5
DA:129,5
DA:130,0
DA:136,1
DA:137,1
DA:142,2
DA:143,2
DA:147,2
DA:148,1
DA:149,1
DA:151,1
DA:152,1
DA:158,1
DA:159,1
DA:163,1
DA:164,1
DA:169,0
DA:170,0
DA:175,1
DA:180,5
DA:181,5
DA:186,1
LF:54
LH:47
BRDA:7,0,0,0
BRDA:8,1,0,5
BRDA:8,1,1,0
BRDA:8,2,0,0
BRDA:8,2,1,0
BRDA:10,3,0,5
BRDA:10,3,1,0
BRDA:15,4,0,0
BRDA:15,4,1,5
BRDA:18,5,0,0
BRDA:18,5,1,5
BRDA:129,6,0,0
BRDA:129,6,1,5
BRDA:147,7,0,1
BRDA:147,7,1,1
BRDA:180,8,0,5
BRDA:180,8,1,0
BRF:17
BRH:8
end_of_record
